# Logfile created on 2015-03-10 14:56:07 -0400 by logger.rb/44203
I, [2015-03-10T14:56:07.905716 #1287]  INFO -- : 0:  rake (10.4.2) from /Users/adityanarayan/.rvm/gems/ruby-2.1.0/specifications/rake-10.4.2.gemspec
I, [2015-03-10T14:56:07.906077 #1287]  INFO -- : 0:  i18n (0.7.0) from /Users/adityanarayan/.rvm/gems/ruby-2.1.0/specifications/i18n-0.7.0.gemspec
I, [2015-03-10T14:56:07.906342 #1287]  INFO -- : 0:  json (1.8.2) from /Users/adityanarayan/.rvm/gems/ruby-2.1.0/specifications/json-1.8.2.gemspec
I, [2015-03-10T14:56:07.906605 #1287]  INFO -- : 0:  minitest (5.5.1) from /Users/adityanarayan/.rvm/gems/ruby-2.1.0/specifications/minitest-5.5.1.gemspec
I, [2015-03-10T14:56:07.906861 #1287]  INFO -- : 0:  thread_safe (0.3.4) from /Users/adityanarayan/.rvm/gems/ruby-2.1.0/specifications/thread_safe-0.3.4.gemspec
I, [2015-03-10T14:56:07.907146 #1287]  INFO -- : 0:  tzinfo (1.2.2) from /Users/adityanarayan/.rvm/gems/ruby-2.1.0/specifications/tzinfo-1.2.2.gemspec
I, [2015-03-10T14:56:07.907405 #1287]  INFO -- : 0:  activesupport (4.1.8) from /Users/adityanarayan/.rvm/gems/ruby-2.1.0/specifications/activesupport-4.1.8.gemspec
I, [2015-03-10T14:56:07.907681 #1287]  INFO -- : 0:  builder (3.2.2) from /Users/adityanarayan/.rvm/gems/ruby-2.1.0/specifications/builder-3.2.2.gemspec
I, [2015-03-10T14:56:07.907923 #1287]  INFO -- : 0:  erubis (2.7.0) from /Users/adityanarayan/.rvm/gems/ruby-2.1.0/specifications/erubis-2.7.0.gemspec
I, [2015-03-10T14:56:07.908173 #1287]  INFO -- : 0:  actionview (4.1.8) from /Users/adityanarayan/.rvm/gems/ruby-2.1.0/specifications/actionview-4.1.8.gemspec
I, [2015-03-10T14:56:07.908447 #1287]  INFO -- : 0:  rack (1.5.2) from /Users/adityanarayan/.rvm/gems/ruby-2.1.0/specifications/rack-1.5.2.gemspec
I, [2015-03-10T14:56:07.908705 #1287]  INFO -- : 0:  rack-test (0.6.3) from /Users/adityanarayan/.rvm/gems/ruby-2.1.0/specifications/rack-test-0.6.3.gemspec
I, [2015-03-10T14:56:07.908963 #1287]  INFO -- : 0:  actionpack (4.1.8) from /Users/adityanarayan/.rvm/gems/ruby-2.1.0/specifications/actionpack-4.1.8.gemspec
I, [2015-03-10T14:56:07.909213 #1287]  INFO -- : 0:  mime-types (2.4.3) from /Users/adityanarayan/.rvm/gems/ruby-2.1.0/specifications/mime-types-2.4.3.gemspec
I, [2015-03-10T14:56:07.909481 #1287]  INFO -- : 0:  mail (2.6.3) from /Users/adityanarayan/.rvm/gems/ruby-2.1.0/specifications/mail-2.6.3.gemspec
I, [2015-03-10T14:56:07.909739 #1287]  INFO -- : 0:  actionmailer (4.1.8) from /Users/adityanarayan/.rvm/gems/ruby-2.1.0/specifications/actionmailer-4.1.8.gemspec
I, [2015-03-10T14:56:07.910014 #1287]  INFO -- : 0:  activemodel (4.1.8) from /Users/adityanarayan/.rvm/gems/ruby-2.1.0/specifications/activemodel-4.1.8.gemspec
I, [2015-03-10T14:56:07.910280 #1287]  INFO -- : 0:  arel (5.0.1.20140414130214) from /Users/adityanarayan/.rvm/gems/ruby-2.1.0/specifications/arel-5.0.1.20140414130214.gemspec
I, [2015-03-10T14:56:07.910565 #1287]  INFO -- : 0:  activerecord (4.1.8) from /Users/adityanarayan/.rvm/gems/ruby-2.1.0/specifications/activerecord-4.1.8.gemspec
I, [2015-03-10T14:56:17.529020 #1287]  INFO -- : 0:  ffi (1.9.6) from /Users/adityanarayan/.rvm/gems/ruby-2.1.0/specifications/ffi-1.9.6.gemspec
I, [2015-03-10T14:56:21.254838 #1287]  INFO -- : 0:  alsa-rawmidi (0.3.1) from /Users/adityanarayan/.rvm/gems/ruby-2.1.0/specifications/alsa-rawmidi-0.3.1.gemspec
I, [2015-03-10T14:56:21.255295 #1287]  INFO -- : 0:  bcrypt (3.1.10) from /Users/adityanarayan/.rvm/gems/ruby-2.1.0/specifications/bcrypt-3.1.10.gemspec
I, [2015-03-10T14:56:21.255613 #1287]  INFO -- : 0:  sass (3.2.19) from /Users/adityanarayan/.rvm/gems/ruby-2.1.0/specifications/sass-3.2.19.gemspec
I, [2015-03-10T14:56:21.255900 #1287]  INFO -- : 0:  bootstrap-sass (2.3.2.2) from /Users/adityanarayan/.rvm/gems/ruby-2.1.0/specifications/bootstrap-sass-2.3.2.2.gemspec
I, [2015-03-10T14:56:21.256224 #1287]  INFO -- : 0:  bundler (1.5.1) from /Users/adityanarayan/.rvm/gems/ruby-2.1.0@global/specifications/bundler-1.5.1.gemspec
I, [2015-03-10T14:56:21.256547 #1287]  INFO -- : 0:  carrierwave (0.10.0) from /Users/adityanarayan/.rvm/gems/ruby-2.1.0/specifications/carrierwave-0.10.0.gemspec
I, [2015-03-10T14:56:21.256862 #1287]  INFO -- : 0:  streamio-ffmpeg (1.0.0) from /Users/adityanarayan/.rvm/gems/ruby-2.1.0/specifications/streamio-ffmpeg-1.0.0.gemspec
I, [2015-03-10T14:56:21.257162 #1287]  INFO -- : 0:  carrierwave-video (0.5.6) from /Users/adityanarayan/.rvm/gems/ruby-2.1.0/specifications/carrierwave-video-0.5.6.gemspec
I, [2015-03-10T14:56:21.257485 #1287]  INFO -- : 0:  carrierwave-video-thumbnailer (0.1.4) from /Users/adityanarayan/.rvm/gems/ruby-2.1.0/specifications/carrierwave-video-thumbnailer-0.1.4.gemspec
I, [2015-03-10T14:56:21.257857 #1287]  INFO -- : 0:  hitimes (1.2.2) from /Users/adityanarayan/.rvm/gems/ruby-2.1.0/specifications/hitimes-1.2.2.gemspec
I, [2015-03-10T14:56:21.258170 #1287]  INFO -- : 0:  timers (4.0.1) from /Users/adityanarayan/.rvm/gems/ruby-2.1.0/specifications/timers-4.0.1.gemspec
I, [2015-03-10T14:56:21.258466 #1287]  INFO -- : 0:  celluloid (0.16.0) from /Users/adityanarayan/.rvm/gems/ruby-2.1.0/specifications/celluloid-0.16.0.gemspec
I, [2015-03-10T14:56:21.258792 #1287]  INFO -- : 0:  coffee-script-source (1.9.1) from /Users/adityanarayan/.rvm/gems/ruby-2.1.0/specifications/coffee-script-source-1.9.1.gemspec
I, [2015-03-10T14:56:21.259090 #1287]  INFO -- : 0:  execjs (2.3.0) from /Users/adityanarayan/.rvm/gems/ruby-2.1.0/specifications/execjs-2.3.0.gemspec
I, [2015-03-10T14:56:21.259397 #1287]  INFO -- : 0:  coffee-script (2.3.0) from /Users/adityanarayan/.rvm/gems/ruby-2.1.0/specifications/coffee-script-2.3.0.gemspec
I, [2015-03-10T14:56:21.259675 #1287]  INFO -- : 0:  thor (0.19.1) from /Users/adityanarayan/.rvm/gems/ruby-2.1.0/specifications/thor-0.19.1.gemspec
I, [2015-03-10T14:56:21.259975 #1287]  INFO -- : 0:  railties (4.1.8) from /Users/adityanarayan/.rvm/gems/ruby-2.1.0/specifications/railties-4.1.8.gemspec
I, [2015-03-10T14:56:21.260255 #1287]  INFO -- : 0:  coffee-rails (4.0.1) from /Users/adityanarayan/.rvm/gems/ruby-2.1.0/specifications/coffee-rails-4.0.1.gemspec
I, [2015-03-10T14:56:21.260546 #1287]  INFO -- : 0:  connection_pool (2.1.1) from /Users/adityanarayan/.rvm/gems/ruby-2.1.0/specifications/connection_pool-2.1.1.gemspec
I, [2015-03-10T14:56:21.262201 #1287]  INFO -- : 0:  orm_adapter (0.5.0) from /Users/adityanarayan/.rvm/gems/ruby-2.1.0/specifications/orm_adapter-0.5.0.gemspec
I, [2015-03-10T14:56:21.262494 #1287]  INFO -- : 0:  responders (1.1.2) from /Users/adityanarayan/.rvm/gems/ruby-2.1.0/specifications/responders-1.1.2.gemspec
I, [2015-03-10T14:56:21.262815 #1287]  INFO -- : 0:  warden (1.2.3) from /Users/adityanarayan/.rvm/gems/ruby-2.1.0/specifications/warden-1.2.3.gemspec
I, [2015-03-10T14:56:21.263095 #1287]  INFO -- : 0:  devise (3.4.1) from /Users/adityanarayan/.rvm/gems/ruby-2.1.0/specifications/devise-3.4.1.gemspec
I, [2015-03-10T14:56:21.263379 #1287]  INFO -- : 0:  multipart-post (2.0.0) from /Users/adityanarayan/.rvm/gems/ruby-2.1.0/specifications/multipart-post-2.0.0.gemspec
I, [2015-03-10T14:56:21.263662 #1287]  INFO -- : 0:  faraday (0.9.1) from /Users/adityanarayan/.rvm/gems/ruby-2.1.0/specifications/faraday-0.9.1.gemspec
I, [2015-03-10T14:56:23.171855 #1287]  INFO -- : 0:  faraday_middleware (0.9.1) from /Users/adityanarayan/.rvm/gems/ruby-2.1.0/specifications/faraday_middleware-0.9.1.gemspec
I, [2015-03-10T14:56:27.159837 #1287]  INFO -- : 0:  ffi-coremidi (0.3.7) from /Users/adityanarayan/.rvm/gems/ruby-2.1.0/specifications/ffi-coremidi-0.3.7.gemspec
I, [2015-03-10T14:56:27.160306 #1287]  INFO -- : 0:  hashie (3.4.0) from /Users/adityanarayan/.rvm/gems/ruby-2.1.0/specifications/hashie-3.4.0.gemspec
I, [2015-03-10T14:56:27.160636 #1287]  INFO -- : 0:  hike (1.2.3) from /Users/adityanarayan/.rvm/gems/ruby-2.1.0/specifications/hike-1.2.3.gemspec
I, [2015-03-10T14:56:27.160960 #1287]  INFO -- : 0:  multi_json (1.11.0) from /Users/adityanarayan/.rvm/gems/ruby-2.1.0/specifications/multi_json-1.11.0.gemspec
I, [2015-03-10T14:56:27.161286 #1287]  INFO -- : 0:  jbuilder (2.2.9) from /Users/adityanarayan/.rvm/gems/ruby-2.1.0/specifications/jbuilder-2.2.9.gemspec
I, [2015-03-10T14:56:27.161596 #1287]  INFO -- : 0:  jquery-rails (3.1.2) from /Users/adityanarayan/.rvm/gems/ruby-2.1.0/specifications/jquery-rails-3.1.2.gemspec
I, [2015-03-10T14:56:27.161912 #1287]  INFO -- : 0:  jwt (1.3.0) from /Users/adityanarayan/.rvm/gems/ruby-2.1.0/specifications/jwt-1.3.0.gemspec
I, [2015-03-10T14:56:34.117951 #1287]  INFO -- : 0:  kaminari (0.16.3) from /Users/adityanarayan/.rvm/gems/ruby-2.1.0/specifications/kaminari-0.16.3.gemspec
I, [2015-03-10T14:56:36.777741 #1287]  INFO -- : 0:  midi-jruby (0.1.5) from /Users/adityanarayan/.rvm/gems/ruby-2.1.0/specifications/midi-jruby-0.1.5.gemspec
I, [2015-03-10T14:56:38.751840 #1287]  INFO -- : 0:  midi-winmm (0.1.10) from /Users/adityanarayan/.rvm/gems/ruby-2.1.0/specifications/midi-winmm-0.1.10.gemspec
I, [2015-03-10T14:56:38.752274 #1287]  INFO -- : 0:  multi_xml (0.5.5) from /Users/adityanarayan/.rvm/gems/ruby-2.1.0/specifications/multi_xml-0.5.5.gemspec
I, [2015-03-10T14:56:38.752600 #1287]  INFO -- : 0:  netrc (0.10.3) from /Users/adityanarayan/.rvm/gems/ruby-2.1.0/specifications/netrc-0.10.3.gemspec
I, [2015-03-10T14:56:38.752918 #1287]  INFO -- : 0:  oauth2 (1.0.0) from /Users/adityanarayan/.rvm/gems/ruby-2.1.0/specifications/oauth2-1.0.0.gemspec
I, [2015-03-10T14:56:38.753212 #1287]  INFO -- : 0:  omniauth (1.2.2) from /Users/adityanarayan/.rvm/gems/ruby-2.1.0/specifications/omniauth-1.2.2.gemspec
I, [2015-03-10T14:56:38.753509 #1287]  INFO -- : 0:  omniauth-oauth2 (1.2.0) from /Users/adityanarayan/.rvm/gems/ruby-2.1.0/specifications/omniauth-oauth2-1.2.0.gemspec
I, [2015-03-10T14:56:38.753842 #1287]  INFO -- : 0:  omniauth-facebook (2.0.1) from /Users/adityanarayan/.rvm/gems/ruby-2.1.0/specifications/omniauth-facebook-2.0.1.gemspec
I, [2015-03-10T14:56:40.609577 #1287]  INFO -- : 0:  omniauth-parse (0.0.2) from /Users/adityanarayan/.rvm/gems/ruby-2.1.0/specifications/omniauth-parse-0.0.2.gemspec
I, [2015-03-10T14:56:43.823581 #1287]  INFO -- : 0:  parse-ruby-client (0.3.0) from /Users/adityanarayan/.rvm/gems/ruby-2.1.0/specifications/parse-ruby-client-0.3.0.gemspec
I, [2015-03-10T14:56:43.824149 #1287]  INFO -- : 0:  rest-client (1.7.3) from /Users/adityanarayan/.rvm/gems/ruby-2.1.0/specifications/rest-client-1.7.3.gemspec
I, [2015-03-10T14:56:43.824462 #1287]  INFO -- : 0:  parse_resource (1.8.0) from /Users/adityanarayan/.rvm/gems/ruby-2.1.0/specifications/parse_resource-1.8.0.gemspec
I, [2015-03-10T14:56:43.824748 #1287]  INFO -- : 0:  rack-protection (1.5.3) from /Users/adityanarayan/.rvm/gems/ruby-2.1.0/specifications/rack-protection-1.5.3.gemspec
I, [2015-03-10T14:56:43.825522 #1287]  INFO -- : 0:  tilt (1.4.1) from /Users/adityanarayan/.rvm/gems/ruby-2.1.0/specifications/tilt-1.4.1.gemspec
I, [2015-03-10T14:56:43.825881 #1287]  INFO -- : 0:  sprockets (2.12.3) from /Users/adityanarayan/.rvm/gems/ruby-2.1.0/specifications/sprockets-2.12.3.gemspec
I, [2015-03-10T14:56:43.826169 #1287]  INFO -- : 0:  sprockets-rails (2.2.4) from /Users/adityanarayan/.rvm/gems/ruby-2.1.0/specifications/sprockets-rails-2.2.4.gemspec
I, [2015-03-10T14:56:43.826948 #1287]  INFO -- : 0:  rails (4.1.8) from /Users/adityanarayan/.rvm/gems/ruby-2.1.0/specifications/rails-4.1.8.gemspec
I, [2015-03-10T14:56:43.827265 #1287]  INFO -- : 0:  rdoc (4.2.0) from /Users/adityanarayan/.rvm/gems/ruby-2.1.0/specifications/rdoc-4.2.0.gemspec
I, [2015-03-10T14:56:43.827554 #1287]  INFO -- : 0:  redis (3.2.0) from /Users/adityanarayan/.rvm/gems/ruby-2.1.0/specifications/redis-3.2.0.gemspec
I, [2015-03-10T14:56:43.827818 #1287]  INFO -- : 0:  redis-namespace (1.5.1) from /Users/adityanarayan/.rvm/gems/ruby-2.1.0/specifications/redis-namespace-1.5.1.gemspec
I, [2015-03-10T14:56:43.828296 #1287]  INFO -- : 0:  sass-rails (4.0.5) from /Users/adityanarayan/.rvm/gems/ruby-2.1.0/specifications/sass-rails-4.0.5.gemspec
I, [2015-03-10T14:56:43.828828 #1287]  INFO -- : 0:  sdoc (0.4.1) from /Users/adityanarayan/.rvm/gems/ruby-2.1.0/specifications/sdoc-0.4.1.gemspec
I, [2015-03-10T14:56:43.829099 #1287]  INFO -- : 0:  sidekiq (3.3.1) from /Users/adityanarayan/.rvm/gems/ruby-2.1.0/specifications/sidekiq-3.3.1.gemspec
I, [2015-03-10T14:56:43.829370 #1287]  INFO -- : 0:  sinatra (1.4.5) from /Users/adityanarayan/.rvm/gems/ruby-2.1.0/specifications/sinatra-1.4.5.gemspec
I, [2015-03-10T14:56:43.829620 #1287]  INFO -- : 0:  temple (0.7.5) from /Users/adityanarayan/.rvm/gems/ruby-2.1.0/specifications/temple-0.7.5.gemspec
I, [2015-03-10T14:56:43.829908 #1287]  INFO -- : 0:  slim (3.0.2) from /Users/adityanarayan/.rvm/gems/ruby-2.1.0/specifications/slim-3.0.2.gemspec
I, [2015-03-10T14:56:43.830216 #1287]  INFO -- : 0:  sqlite3 (1.3.10) from /Users/adityanarayan/.rvm/gems/ruby-2.1.0/specifications/sqlite3-1.3.10.gemspec
I, [2015-03-10T14:56:43.830497 #1287]  INFO -- : 0:  turbolinks (2.5.3) from /Users/adityanarayan/.rvm/gems/ruby-2.1.0/specifications/turbolinks-2.5.3.gemspec
I, [2015-03-10T14:56:43.830759 #1287]  INFO -- : 0:  uglifier (2.7.1) from /Users/adityanarayan/.rvm/gems/ruby-2.1.0/specifications/uglifier-2.7.1.gemspec
I, [2015-03-10T14:56:45.736911 #1287]  INFO -- : 0:  unimidi (0.4.6) from /Users/adityanarayan/.rvm/gems/ruby-2.1.0/specifications/unimidi-0.4.6.gemspec
I, [2015-03-11T14:30:02.867732 #5850]  INFO -- : 0:  rake (10.4.2) from /Users/adityanarayan/.rvm/gems/ruby-2.1.0/specifications/rake-10.4.2.gemspec
I, [2015-03-11T14:30:05.386010 #5850]  INFO -- : 0:  ParseModel (0.0.6) from /Users/adityanarayan/.rvm/gems/ruby-2.1.0/specifications/ParseModel-0.0.6.gemspec
I, [2015-03-11T14:30:05.386439 #5850]  INFO -- : 0:  i18n (0.7.0) from /Users/adityanarayan/.rvm/gems/ruby-2.1.0/specifications/i18n-0.7.0.gemspec
I, [2015-03-11T14:30:05.386711 #5850]  INFO -- : 0:  json (1.8.2) from /Users/adityanarayan/.rvm/gems/ruby-2.1.0/specifications/json-1.8.2.gemspec
I, [2015-03-11T14:30:05.386994 #5850]  INFO -- : 0:  minitest (5.5.1) from /Users/adityanarayan/.rvm/gems/ruby-2.1.0/specifications/minitest-5.5.1.gemspec
I, [2015-03-11T14:30:05.387277 #5850]  INFO -- : 0:  thread_safe (0.3.4) from /Users/adityanarayan/.rvm/gems/ruby-2.1.0/specifications/thread_safe-0.3.4.gemspec
I, [2015-03-11T14:30:05.387536 #5850]  INFO -- : 0:  tzinfo (1.2.2) from /Users/adityanarayan/.rvm/gems/ruby-2.1.0/specifications/tzinfo-1.2.2.gemspec
I, [2015-03-11T14:30:05.387793 #5850]  INFO -- : 0:  activesupport (4.1.8) from /Users/adityanarayan/.rvm/gems/ruby-2.1.0/specifications/activesupport-4.1.8.gemspec
I, [2015-03-11T14:30:05.388041 #5850]  INFO -- : 0:  builder (3.2.2) from /Users/adityanarayan/.rvm/gems/ruby-2.1.0/specifications/builder-3.2.2.gemspec
I, [2015-03-11T14:30:05.388290 #5850]  INFO -- : 0:  erubis (2.7.0) from /Users/adityanarayan/.rvm/gems/ruby-2.1.0/specifications/erubis-2.7.0.gemspec
I, [2015-03-11T14:30:05.388540 #5850]  INFO -- : 0:  actionview (4.1.8) from /Users/adityanarayan/.rvm/gems/ruby-2.1.0/specifications/actionview-4.1.8.gemspec
I, [2015-03-11T14:30:05.388809 #5850]  INFO -- : 0:  rack (1.5.2) from /Users/adityanarayan/.rvm/gems/ruby-2.1.0/specifications/rack-1.5.2.gemspec
I, [2015-03-11T14:30:05.389060 #5850]  INFO -- : 0:  rack-test (0.6.3) from /Users/adityanarayan/.rvm/gems/ruby-2.1.0/specifications/rack-test-0.6.3.gemspec
I, [2015-03-11T14:30:05.389354 #5850]  INFO -- : 0:  actionpack (4.1.8) from /Users/adityanarayan/.rvm/gems/ruby-2.1.0/specifications/actionpack-4.1.8.gemspec
I, [2015-03-11T14:30:05.389603 #5850]  INFO -- : 0:  mime-types (2.4.3) from /Users/adityanarayan/.rvm/gems/ruby-2.1.0/specifications/mime-types-2.4.3.gemspec
I, [2015-03-11T14:30:05.389850 #5850]  INFO -- : 0:  mail (2.6.3) from /Users/adityanarayan/.rvm/gems/ruby-2.1.0/specifications/mail-2.6.3.gemspec
I, [2015-03-11T14:30:05.390107 #5850]  INFO -- : 0:  actionmailer (4.1.8) from /Users/adityanarayan/.rvm/gems/ruby-2.1.0/specifications/actionmailer-4.1.8.gemspec
I, [2015-03-11T14:30:05.390362 #5850]  INFO -- : 0:  activemodel (4.1.8) from /Users/adityanarayan/.rvm/gems/ruby-2.1.0/specifications/activemodel-4.1.8.gemspec
I, [2015-03-11T14:30:05.390610 #5850]  INFO -- : 0:  arel (5.0.1.20140414130214) from /Users/adityanarayan/.rvm/gems/ruby-2.1.0/specifications/arel-5.0.1.20140414130214.gemspec
I, [2015-03-11T14:30:05.390864 #5850]  INFO -- : 0:  activerecord (4.1.8) from /Users/adityanarayan/.rvm/gems/ruby-2.1.0/specifications/activerecord-4.1.8.gemspec
I, [2015-03-11T14:30:05.391141 #5850]  INFO -- : 0:  ffi (1.9.6) from /Users/adityanarayan/.rvm/gems/ruby-2.1.0/specifications/ffi-1.9.6.gemspec
I, [2015-03-11T14:30:05.391382 #5850]  INFO -- : 0:  alsa-rawmidi (0.3.1) from /Users/adityanarayan/.rvm/gems/ruby-2.1.0/specifications/alsa-rawmidi-0.3.1.gemspec
I, [2015-03-11T14:30:05.391627 #5850]  INFO -- : 0:  bcrypt (3.1.10) from /Users/adityanarayan/.rvm/gems/ruby-2.1.0/specifications/bcrypt-3.1.10.gemspec
I, [2015-03-11T14:30:05.391874 #5850]  INFO -- : 0:  sass (3.2.19) from /Users/adityanarayan/.rvm/gems/ruby-2.1.0/specifications/sass-3.2.19.gemspec
I, [2015-03-11T14:30:05.392113 #5850]  INFO -- : 0:  bootstrap-sass (2.3.2.2) from /Users/adityanarayan/.rvm/gems/ruby-2.1.0/specifications/bootstrap-sass-2.3.2.2.gemspec
I, [2015-03-11T14:30:05.392349 #5850]  INFO -- : 0:  bundler (1.5.1) from /Users/adityanarayan/.rvm/gems/ruby-2.1.0@global/specifications/bundler-1.5.1.gemspec
I, [2015-03-11T14:30:05.392781 #5850]  INFO -- : 0:  carrierwave (0.10.0) from /Users/adityanarayan/.rvm/gems/ruby-2.1.0/specifications/carrierwave-0.10.0.gemspec
I, [2015-03-11T14:30:05.393061 #5850]  INFO -- : 0:  streamio-ffmpeg (1.0.0) from /Users/adityanarayan/.rvm/gems/ruby-2.1.0/specifications/streamio-ffmpeg-1.0.0.gemspec
I, [2015-03-11T14:30:05.393322 #5850]  INFO -- : 0:  carrierwave-video (0.5.6) from /Users/adityanarayan/.rvm/gems/ruby-2.1.0/specifications/carrierwave-video-0.5.6.gemspec
I, [2015-03-11T14:30:05.393583 #5850]  INFO -- : 0:  carrierwave-video-thumbnailer (0.1.4) from /Users/adityanarayan/.rvm/gems/ruby-2.1.0/specifications/carrierwave-video-thumbnailer-0.1.4.gemspec
I, [2015-03-11T14:30:05.393838 #5850]  INFO -- : 0:  hitimes (1.2.2) from /Users/adityanarayan/.rvm/gems/ruby-2.1.0/specifications/hitimes-1.2.2.gemspec
I, [2015-03-11T14:30:05.394087 #5850]  INFO -- : 0:  timers (4.0.1) from /Users/adityanarayan/.rvm/gems/ruby-2.1.0/specifications/timers-4.0.1.gemspec
I, [2015-03-11T14:30:05.394357 #5850]  INFO -- : 0:  celluloid (0.16.0) from /Users/adityanarayan/.rvm/gems/ruby-2.1.0/specifications/celluloid-0.16.0.gemspec
I, [2015-03-11T14:30:05.394665 #5850]  INFO -- : 0:  coffee-script-source (1.9.1) from /Users/adityanarayan/.rvm/gems/ruby-2.1.0/specifications/coffee-script-source-1.9.1.gemspec
I, [2015-03-11T14:30:05.394949 #5850]  INFO -- : 0:  execjs (2.3.0) from /Users/adityanarayan/.rvm/gems/ruby-2.1.0/specifications/execjs-2.3.0.gemspec
I, [2015-03-11T14:30:05.395208 #5850]  INFO -- : 0:  coffee-script (2.3.0) from /Users/adityanarayan/.rvm/gems/ruby-2.1.0/specifications/coffee-script-2.3.0.gemspec
I, [2015-03-11T14:30:05.395467 #5850]  INFO -- : 0:  thor (0.19.1) from /Users/adityanarayan/.rvm/gems/ruby-2.1.0/specifications/thor-0.19.1.gemspec
I, [2015-03-11T14:30:05.395733 #5850]  INFO -- : 0:  railties (4.1.8) from /Users/adityanarayan/.rvm/gems/ruby-2.1.0/specifications/railties-4.1.8.gemspec
I, [2015-03-11T14:30:05.395998 #5850]  INFO -- : 0:  coffee-rails (4.0.1) from /Users/adityanarayan/.rvm/gems/ruby-2.1.0/specifications/coffee-rails-4.0.1.gemspec
I, [2015-03-11T14:30:05.396264 #5850]  INFO -- : 0:  connection_pool (2.1.1) from /Users/adityanarayan/.rvm/gems/ruby-2.1.0/specifications/connection_pool-2.1.1.gemspec
I, [2015-03-11T14:30:05.396517 #5850]  INFO -- : 0:  orm_adapter (0.5.0) from /Users/adityanarayan/.rvm/gems/ruby-2.1.0/specifications/orm_adapter-0.5.0.gemspec
I, [2015-03-11T14:30:05.396766 #5850]  INFO -- : 0:  responders (1.1.2) from /Users/adityanarayan/.rvm/gems/ruby-2.1.0/specifications/responders-1.1.2.gemspec
I, [2015-03-11T14:30:05.397014 #5850]  INFO -- : 0:  warden (1.2.3) from /Users/adityanarayan/.rvm/gems/ruby-2.1.0/specifications/warden-1.2.3.gemspec
I, [2015-03-11T14:30:05.397260 #5850]  INFO -- : 0:  devise (3.4.1) from /Users/adityanarayan/.rvm/gems/ruby-2.1.0/specifications/devise-3.4.1.gemspec
I, [2015-03-11T14:30:05.397512 #5850]  INFO -- : 0:  multipart-post (2.0.0) from /Users/adityanarayan/.rvm/gems/ruby-2.1.0/specifications/multipart-post-2.0.0.gemspec
I, [2015-03-11T14:30:05.397784 #5850]  INFO -- : 0:  faraday (0.9.1) from /Users/adityanarayan/.rvm/gems/ruby-2.1.0/specifications/faraday-0.9.1.gemspec
I, [2015-03-11T14:30:05.398032 #5850]  INFO -- : 0:  ffi-coremidi (0.3.7) from /Users/adityanarayan/.rvm/gems/ruby-2.1.0/specifications/ffi-coremidi-0.3.7.gemspec
I, [2015-03-11T14:30:05.398269 #5850]  INFO -- : 0:  hashie (3.4.0) from /Users/adityanarayan/.rvm/gems/ruby-2.1.0/specifications/hashie-3.4.0.gemspec
I, [2015-03-11T14:30:05.398530 #5850]  INFO -- : 0:  hike (1.2.3) from /Users/adityanarayan/.rvm/gems/ruby-2.1.0/specifications/hike-1.2.3.gemspec
I, [2015-03-11T14:30:05.398781 #5850]  INFO -- : 0:  multi_json (1.11.0) from /Users/adityanarayan/.rvm/gems/ruby-2.1.0/specifications/multi_json-1.11.0.gemspec
I, [2015-03-11T14:30:05.399044 #5850]  INFO -- : 0:  jbuilder (2.2.9) from /Users/adityanarayan/.rvm/gems/ruby-2.1.0/specifications/jbuilder-2.2.9.gemspec
I, [2015-03-11T14:30:05.399311 #5850]  INFO -- : 0:  jquery-rails (3.1.2) from /Users/adityanarayan/.rvm/gems/ruby-2.1.0/specifications/jquery-rails-3.1.2.gemspec
I, [2015-03-11T14:30:05.399550 #5850]  INFO -- : 0:  jwt (1.3.0) from /Users/adityanarayan/.rvm/gems/ruby-2.1.0/specifications/jwt-1.3.0.gemspec
I, [2015-03-11T14:30:05.399804 #5850]  INFO -- : 0:  kaminari (0.16.3) from /Users/adityanarayan/.rvm/gems/ruby-2.1.0/specifications/kaminari-0.16.3.gemspec
I, [2015-03-11T14:30:05.400063 #5850]  INFO -- : 0:  midi-jruby (0.1.5) from /Users/adityanarayan/.rvm/gems/ruby-2.1.0/specifications/midi-jruby-0.1.5.gemspec
I, [2015-03-11T14:30:05.400311 #5850]  INFO -- : 0:  midi-winmm (0.1.10) from /Users/adityanarayan/.rvm/gems/ruby-2.1.0/specifications/midi-winmm-0.1.10.gemspec
I, [2015-03-11T14:30:05.400550 #5850]  INFO -- : 0:  multi_xml (0.5.5) from /Users/adityanarayan/.rvm/gems/ruby-2.1.0/specifications/multi_xml-0.5.5.gemspec
I, [2015-03-11T14:30:05.400789 #5850]  INFO -- : 0:  oauth2 (1.0.0) from /Users/adityanarayan/.rvm/gems/ruby-2.1.0/specifications/oauth2-1.0.0.gemspec
I, [2015-03-11T14:30:05.401048 #5850]  INFO -- : 0:  omniauth (1.2.2) from /Users/adityanarayan/.rvm/gems/ruby-2.1.0/specifications/omniauth-1.2.2.gemspec
I, [2015-03-11T14:30:05.401369 #5850]  INFO -- : 0:  omniauth-oauth2 (1.2.0) from /Users/adityanarayan/.rvm/gems/ruby-2.1.0/specifications/omniauth-oauth2-1.2.0.gemspec
I, [2015-03-11T14:30:05.401707 #5850]  INFO -- : 0:  omniauth-facebook (2.0.1) from /Users/adityanarayan/.rvm/gems/ruby-2.1.0/specifications/omniauth-facebook-2.0.1.gemspec
I, [2015-03-11T14:30:05.402032 #5850]  INFO -- : 0:  omniauth-parse (0.0.2) from /Users/adityanarayan/.rvm/gems/ruby-2.1.0/specifications/omniauth-parse-0.0.2.gemspec
I, [2015-03-11T14:30:05.402343 #5850]  INFO -- : 0:  rack-protection (1.5.3) from /Users/adityanarayan/.rvm/gems/ruby-2.1.0/specifications/rack-protection-1.5.3.gemspec
I, [2015-03-11T14:30:05.402631 #5850]  INFO -- : 0:  tilt (1.4.1) from /Users/adityanarayan/.rvm/gems/ruby-2.1.0/specifications/tilt-1.4.1.gemspec
I, [2015-03-11T14:30:05.402921 #5850]  INFO -- : 0:  sprockets (2.12.3) from /Users/adityanarayan/.rvm/gems/ruby-2.1.0/specifications/sprockets-2.12.3.gemspec
I, [2015-03-11T14:30:05.403183 #5850]  INFO -- : 0:  sprockets-rails (2.2.4) from /Users/adityanarayan/.rvm/gems/ruby-2.1.0/specifications/sprockets-rails-2.2.4.gemspec
I, [2015-03-11T14:30:05.403447 #5850]  INFO -- : 0:  rails (4.1.8) from /Users/adityanarayan/.rvm/gems/ruby-2.1.0/specifications/rails-4.1.8.gemspec
I, [2015-03-11T14:30:05.403710 #5850]  INFO -- : 0:  rdoc (4.2.0) from /Users/adityanarayan/.rvm/gems/ruby-2.1.0/specifications/rdoc-4.2.0.gemspec
I, [2015-03-11T14:30:05.403961 #5850]  INFO -- : 0:  redis (3.2.0) from /Users/adityanarayan/.rvm/gems/ruby-2.1.0/specifications/redis-3.2.0.gemspec
I, [2015-03-11T14:30:05.404209 #5850]  INFO -- : 0:  redis-namespace (1.5.1) from /Users/adityanarayan/.rvm/gems/ruby-2.1.0/specifications/redis-namespace-1.5.1.gemspec
I, [2015-03-11T14:30:05.404467 #5850]  INFO -- : 0:  sass-rails (4.0.5) from /Users/adityanarayan/.rvm/gems/ruby-2.1.0/specifications/sass-rails-4.0.5.gemspec
I, [2015-03-11T14:30:05.404754 #5850]  INFO -- : 0:  sdoc (0.4.1) from /Users/adityanarayan/.rvm/gems/ruby-2.1.0/specifications/sdoc-0.4.1.gemspec
I, [2015-03-11T14:30:05.405018 #5850]  INFO -- : 0:  sidekiq (3.3.1) from /Users/adityanarayan/.rvm/gems/ruby-2.1.0/specifications/sidekiq-3.3.1.gemspec
I, [2015-03-11T14:30:05.405274 #5850]  INFO -- : 0:  sinatra (1.4.5) from /Users/adityanarayan/.rvm/gems/ruby-2.1.0/specifications/sinatra-1.4.5.gemspec
I, [2015-03-11T14:30:05.405535 #5850]  INFO -- : 0:  temple (0.7.5) from /Users/adityanarayan/.rvm/gems/ruby-2.1.0/specifications/temple-0.7.5.gemspec
I, [2015-03-11T14:30:05.406305 #5850]  INFO -- : 0:  slim (3.0.2) from /Users/adityanarayan/.rvm/gems/ruby-2.1.0/specifications/slim-3.0.2.gemspec
I, [2015-03-11T14:30:05.406681 #5850]  INFO -- : 0:  sqlite3 (1.3.10) from /Users/adityanarayan/.rvm/gems/ruby-2.1.0/specifications/sqlite3-1.3.10.gemspec
I, [2015-03-11T14:30:05.406983 #5850]  INFO -- : 0:  turbolinks (2.5.3) from /Users/adityanarayan/.rvm/gems/ruby-2.1.0/specifications/turbolinks-2.5.3.gemspec
I, [2015-03-11T14:30:05.407263 #5850]  INFO -- : 0:  uglifier (2.7.1) from /Users/adityanarayan/.rvm/gems/ruby-2.1.0/specifications/uglifier-2.7.1.gemspec
I, [2015-03-11T14:30:05.407525 #5850]  INFO -- : 0:  unimidi (0.4.6) from /Users/adityanarayan/.rvm/gems/ruby-2.1.0/specifications/unimidi-0.4.6.gemspec
I, [2015-03-11T19:51:33.662298 #7031]  INFO -- : 0:  rake (10.4.2) from /Users/adityanarayan/.rvm/gems/ruby-2.1.0/specifications/rake-10.4.2.gemspec
I, [2015-03-11T19:51:33.668966 #7031]  INFO -- : 0:  i18n (0.7.0) from /Users/adityanarayan/.rvm/gems/ruby-2.1.0/specifications/i18n-0.7.0.gemspec
I, [2015-03-11T19:51:33.669287 #7031]  INFO -- : 0:  json (1.8.2) from /Users/adityanarayan/.rvm/gems/ruby-2.1.0/specifications/json-1.8.2.gemspec
I, [2015-03-11T19:51:33.669584 #7031]  INFO -- : 0:  minitest (5.5.1) from /Users/adityanarayan/.rvm/gems/ruby-2.1.0/specifications/minitest-5.5.1.gemspec
I, [2015-03-11T19:51:35.202936 #7031]  INFO -- : 0:  thread_safe (0.3.5) from /Users/adityanarayan/.rvm/gems/ruby-2.1.0/specifications/thread_safe-0.3.5.gemspec
I, [2015-03-11T19:51:35.203345 #7031]  INFO -- : 0:  tzinfo (1.2.2) from /Users/adityanarayan/.rvm/gems/ruby-2.1.0/specifications/tzinfo-1.2.2.gemspec
I, [2015-03-11T19:51:35.203644 #7031]  INFO -- : 0:  activesupport (4.1.8) from /Users/adityanarayan/.rvm/gems/ruby-2.1.0/specifications/activesupport-4.1.8.gemspec
I, [2015-03-11T19:51:35.203917 #7031]  INFO -- : 0:  builder (3.2.2) from /Users/adityanarayan/.rvm/gems/ruby-2.1.0/specifications/builder-3.2.2.gemspec
I, [2015-03-11T19:51:35.204194 #7031]  INFO -- : 0:  erubis (2.7.0) from /Users/adityanarayan/.rvm/gems/ruby-2.1.0/specifications/erubis-2.7.0.gemspec
I, [2015-03-11T19:51:35.204473 #7031]  INFO -- : 0:  actionview (4.1.8) from /Users/adityanarayan/.rvm/gems/ruby-2.1.0/specifications/actionview-4.1.8.gemspec
I, [2015-03-11T19:51:35.204741 #7031]  INFO -- : 0:  rack (1.5.2) from /Users/adityanarayan/.rvm/gems/ruby-2.1.0/specifications/rack-1.5.2.gemspec
I, [2015-03-11T19:51:35.205020 #7031]  INFO -- : 0:  rack-test (0.6.3) from /Users/adityanarayan/.rvm/gems/ruby-2.1.0/specifications/rack-test-0.6.3.gemspec
I, [2015-03-11T19:51:35.205308 #7031]  INFO -- : 0:  actionpack (4.1.8) from /Users/adityanarayan/.rvm/gems/ruby-2.1.0/specifications/actionpack-4.1.8.gemspec
I, [2015-03-11T19:51:35.205577 #7031]  INFO -- : 0:  mime-types (2.4.3) from /Users/adityanarayan/.rvm/gems/ruby-2.1.0/specifications/mime-types-2.4.3.gemspec
I, [2015-03-11T19:51:35.205844 #7031]  INFO -- : 0:  mail (2.6.3) from /Users/adityanarayan/.rvm/gems/ruby-2.1.0/specifications/mail-2.6.3.gemspec
I, [2015-03-11T19:51:35.206120 #7031]  INFO -- : 0:  actionmailer (4.1.8) from /Users/adityanarayan/.rvm/gems/ruby-2.1.0/specifications/actionmailer-4.1.8.gemspec
I, [2015-03-11T19:51:35.206392 #7031]  INFO -- : 0:  activemodel (4.1.8) from /Users/adityanarayan/.rvm/gems/ruby-2.1.0/specifications/activemodel-4.1.8.gemspec
I, [2015-03-11T19:51:35.206655 #7031]  INFO -- : 0:  arel (5.0.1.20140414130214) from /Users/adityanarayan/.rvm/gems/ruby-2.1.0/specifications/arel-5.0.1.20140414130214.gemspec
I, [2015-03-11T19:51:35.206964 #7031]  INFO -- : 0:  activerecord (4.1.8) from /Users/adityanarayan/.rvm/gems/ruby-2.1.0/specifications/activerecord-4.1.8.gemspec
I, [2015-03-11T19:51:35.207225 #7031]  INFO -- : 0:  ffi (1.9.6) from /Users/adityanarayan/.rvm/gems/ruby-2.1.0/specifications/ffi-1.9.6.gemspec
I, [2015-03-11T19:51:35.207485 #7031]  INFO -- : 0:  alsa-rawmidi (0.3.1) from /Users/adityanarayan/.rvm/gems/ruby-2.1.0/specifications/alsa-rawmidi-0.3.1.gemspec
I, [2015-03-11T19:51:35.207752 #7031]  INFO -- : 0:  bcrypt (3.1.10) from /Users/adityanarayan/.rvm/gems/ruby-2.1.0/specifications/bcrypt-3.1.10.gemspec
I, [2015-03-11T19:51:35.208019 #7031]  INFO -- : 0:  sass (3.2.19) from /Users/adityanarayan/.rvm/gems/ruby-2.1.0/specifications/sass-3.2.19.gemspec
I, [2015-03-11T19:51:35.208282 #7031]  INFO -- : 0:  bootstrap-sass (2.3.2.2) from /Users/adityanarayan/.rvm/gems/ruby-2.1.0/specifications/bootstrap-sass-2.3.2.2.gemspec
I, [2015-03-11T19:51:35.208534 #7031]  INFO -- : 0:  bundler (1.5.1) from /Users/adityanarayan/.rvm/gems/ruby-2.1.0@global/specifications/bundler-1.5.1.gemspec
I, [2015-03-11T19:51:35.208858 #7031]  INFO -- : 0:  carrierwave (0.10.0) from /Users/adityanarayan/.rvm/gems/ruby-2.1.0/specifications/carrierwave-0.10.0.gemspec
I, [2015-03-11T19:51:35.209161 #7031]  INFO -- : 0:  streamio-ffmpeg (1.0.0) from /Users/adityanarayan/.rvm/gems/ruby-2.1.0/specifications/streamio-ffmpeg-1.0.0.gemspec
I, [2015-03-11T19:51:35.209430 #7031]  INFO -- : 0:  carrierwave-video (0.5.6) from /Users/adityanarayan/.rvm/gems/ruby-2.1.0/specifications/carrierwave-video-0.5.6.gemspec
I, [2015-03-11T19:51:35.209716 #7031]  INFO -- : 0:  carrierwave-video-thumbnailer (0.1.4) from /Users/adityanarayan/.rvm/gems/ruby-2.1.0/specifications/carrierwave-video-thumbnailer-0.1.4.gemspec
I, [2015-03-11T19:51:35.209958 #7031]  INFO -- : 0:  hitimes (1.2.2) from /Users/adityanarayan/.rvm/gems/ruby-2.1.0/specifications/hitimes-1.2.2.gemspec
I, [2015-03-11T19:51:35.210195 #7031]  INFO -- : 0:  timers (4.0.1) from /Users/adityanarayan/.rvm/gems/ruby-2.1.0/specifications/timers-4.0.1.gemspec
I, [2015-03-11T19:51:35.210479 #7031]  INFO -- : 0:  celluloid (0.16.0) from /Users/adityanarayan/.rvm/gems/ruby-2.1.0/specifications/celluloid-0.16.0.gemspec
I, [2015-03-11T19:51:35.210764 #7031]  INFO -- : 0:  coffee-script-source (1.9.1) from /Users/adityanarayan/.rvm/gems/ruby-2.1.0/specifications/coffee-script-source-1.9.1.gemspec
I, [2015-03-11T19:51:35.211041 #7031]  INFO -- : 0:  execjs (2.4.0) from /Users/adityanarayan/.rvm/gems/ruby-2.1.0/specifications/execjs-2.4.0.gemspec
I, [2015-03-11T19:51:35.211284 #7031]  INFO -- : 0:  coffee-script (2.3.0) from /Users/adityanarayan/.rvm/gems/ruby-2.1.0/specifications/coffee-script-2.3.0.gemspec
I, [2015-03-11T19:51:35.211538 #7031]  INFO -- : 0:  thor (0.19.1) from /Users/adityanarayan/.rvm/gems/ruby-2.1.0/specifications/thor-0.19.1.gemspec
I, [2015-03-11T19:51:35.211806 #7031]  INFO -- : 0:  railties (4.1.8) from /Users/adityanarayan/.rvm/gems/ruby-2.1.0/specifications/railties-4.1.8.gemspec
I, [2015-03-11T19:51:35.212057 #7031]  INFO -- : 0:  coffee-rails (4.0.1) from /Users/adityanarayan/.rvm/gems/ruby-2.1.0/specifications/coffee-rails-4.0.1.gemspec
I, [2015-03-11T19:51:35.212321 #7031]  INFO -- : 0:  connection_pool (2.1.2) from /Users/adityanarayan/.rvm/gems/ruby-2.1.0/specifications/connection_pool-2.1.2.gemspec
I, [2015-03-11T19:51:35.212605 #7031]  INFO -- : 0:  orm_adapter (0.5.0) from /Users/adityanarayan/.rvm/gems/ruby-2.1.0/specifications/orm_adapter-0.5.0.gemspec
I, [2015-03-11T19:51:35.212868 #7031]  INFO -- : 0:  responders (1.1.2) from /Users/adityanarayan/.rvm/gems/ruby-2.1.0/specifications/responders-1.1.2.gemspec
I, [2015-03-11T19:51:35.213114 #7031]  INFO -- : 0:  warden (1.2.3) from /Users/adityanarayan/.rvm/gems/ruby-2.1.0/specifications/warden-1.2.3.gemspec
I, [2015-03-11T19:51:35.213359 #7031]  INFO -- : 0:  devise (3.4.1) from /Users/adityanarayan/.rvm/gems/ruby-2.1.0/specifications/devise-3.4.1.gemspec
I, [2015-03-11T19:51:35.213624 #7031]  INFO -- : 0:  multipart-post (2.0.0) from /Users/adityanarayan/.rvm/gems/ruby-2.1.0/specifications/multipart-post-2.0.0.gemspec
I, [2015-03-11T19:51:35.213874 #7031]  INFO -- : 0:  faraday (0.9.1) from /Users/adityanarayan/.rvm/gems/ruby-2.1.0/specifications/faraday-0.9.1.gemspec
I, [2015-03-11T19:51:35.214117 #7031]  INFO -- : 0:  faraday_middleware (0.9.1) from /Users/adityanarayan/.rvm/gems/ruby-2.1.0/specifications/faraday_middleware-0.9.1.gemspec
I, [2015-03-11T19:51:35.214364 #7031]  INFO -- : 0:  ffi-coremidi (0.3.7) from /Users/adityanarayan/.rvm/gems/ruby-2.1.0/specifications/ffi-coremidi-0.3.7.gemspec
I, [2015-03-11T19:51:35.214602 #7031]  INFO -- : 0:  hashie (3.4.0) from /Users/adityanarayan/.rvm/gems/ruby-2.1.0/specifications/hashie-3.4.0.gemspec
I, [2015-03-11T19:51:35.214853 #7031]  INFO -- : 0:  hike (1.2.3) from /Users/adityanarayan/.rvm/gems/ruby-2.1.0/specifications/hike-1.2.3.gemspec
I, [2015-03-11T19:51:35.215107 #7031]  INFO -- : 0:  multi_json (1.11.0) from /Users/adityanarayan/.rvm/gems/ruby-2.1.0/specifications/multi_json-1.11.0.gemspec
I, [2015-03-11T19:51:35.215405 #7031]  INFO -- : 0:  jbuilder (2.2.11) from /Users/adityanarayan/.rvm/gems/ruby-2.1.0/specifications/jbuilder-2.2.11.gemspec
I, [2015-03-11T19:51:35.215658 #7031]  INFO -- : 0:  jquery-rails (3.1.2) from /Users/adityanarayan/.rvm/gems/ruby-2.1.0/specifications/jquery-rails-3.1.2.gemspec
I, [2015-03-11T19:51:36.000925 #7031]  INFO -- : 0:  jwt (1.4.0) from /Users/adityanarayan/.rvm/gems/ruby-2.1.0/specifications/jwt-1.4.0.gemspec
I, [2015-03-11T19:51:36.001324 #7031]  INFO -- : 0:  kaminari (0.16.3) from /Users/adityanarayan/.rvm/gems/ruby-2.1.0/specifications/kaminari-0.16.3.gemspec
I, [2015-03-11T19:51:36.001591 #7031]  INFO -- : 0:  midi-jruby (0.1.5) from /Users/adityanarayan/.rvm/gems/ruby-2.1.0/specifications/midi-jruby-0.1.5.gemspec
I, [2015-03-11T19:51:36.001880 #7031]  INFO -- : 0:  midi-winmm (0.1.10) from /Users/adityanarayan/.rvm/gems/ruby-2.1.0/specifications/midi-winmm-0.1.10.gemspec
I, [2015-03-11T19:51:36.002138 #7031]  INFO -- : 0:  multi_xml (0.5.5) from /Users/adityanarayan/.rvm/gems/ruby-2.1.0/specifications/multi_xml-0.5.5.gemspec
I, [2015-03-11T19:51:36.002397 #7031]  INFO -- : 0:  netrc (0.10.3) from /Users/adityanarayan/.rvm/gems/ruby-2.1.0/specifications/netrc-0.10.3.gemspec
I, [2015-03-11T19:51:36.002656 #7031]  INFO -- : 0:  oauth2 (1.0.0) from /Users/adityanarayan/.rvm/gems/ruby-2.1.0/specifications/oauth2-1.0.0.gemspec
I, [2015-03-11T19:51:36.002918 #7031]  INFO -- : 0:  omniauth (1.2.2) from /Users/adityanarayan/.rvm/gems/ruby-2.1.0/specifications/omniauth-1.2.2.gemspec
I, [2015-03-11T19:51:36.003191 #7031]  INFO -- : 0:  omniauth-oauth2 (1.2.0) from /Users/adityanarayan/.rvm/gems/ruby-2.1.0/specifications/omniauth-oauth2-1.2.0.gemspec
I, [2015-03-11T19:51:36.003494 #7031]  INFO -- : 0:  omniauth-facebook (2.0.1) from /Users/adityanarayan/.rvm/gems/ruby-2.1.0/specifications/omniauth-facebook-2.0.1.gemspec
I, [2015-03-11T19:51:36.003769 #7031]  INFO -- : 0:  parse-ruby-client (0.3.0) from /Users/adityanarayan/.rvm/gems/ruby-2.1.0/specifications/parse-ruby-client-0.3.0.gemspec
I, [2015-03-11T19:51:36.004037 #7031]  INFO -- : 0:  rest-client (1.7.3) from /Users/adityanarayan/.rvm/gems/ruby-2.1.0/specifications/rest-client-1.7.3.gemspec
I, [2015-03-11T19:51:36.004312 #7031]  INFO -- : 0:  parse_resource (1.8.0) from /Users/adityanarayan/.rvm/gems/ruby-2.1.0/specifications/parse_resource-1.8.0.gemspec
I, [2015-03-11T19:51:36.004578 #7031]  INFO -- : 0:  rack-contrib (1.2.0) from /Users/adityanarayan/.rvm/gems/ruby-2.1.0/specifications/rack-contrib-1.2.0.gemspec
I, [2015-03-11T19:51:36.004845 #7031]  INFO -- : 0:  rack-protection (1.5.3) from /Users/adityanarayan/.rvm/gems/ruby-2.1.0/specifications/rack-protection-1.5.3.gemspec
I, [2015-03-11T19:51:36.005113 #7031]  INFO -- : 0:  tilt (1.4.1) from /Users/adityanarayan/.rvm/gems/ruby-2.1.0/specifications/tilt-1.4.1.gemspec
I, [2015-03-11T19:51:36.005393 #7031]  INFO -- : 0:  sprockets (2.12.3) from /Users/adityanarayan/.rvm/gems/ruby-2.1.0/specifications/sprockets-2.12.3.gemspec
I, [2015-03-11T19:51:36.005697 #7031]  INFO -- : 0:  sprockets-rails (2.2.4) from /Users/adityanarayan/.rvm/gems/ruby-2.1.0/specifications/sprockets-rails-2.2.4.gemspec
I, [2015-03-11T19:51:36.005965 #7031]  INFO -- : 0:  rails (4.1.8) from /Users/adityanarayan/.rvm/gems/ruby-2.1.0/specifications/rails-4.1.8.gemspec
I, [2015-03-11T19:51:36.006229 #7031]  INFO -- : 0:  rdoc (4.2.0) from /Users/adityanarayan/.rvm/gems/ruby-2.1.0/specifications/rdoc-4.2.0.gemspec
I, [2015-03-11T19:51:36.006479 #7031]  INFO -- : 0:  redis (3.2.1) from /Users/adityanarayan/.rvm/gems/ruby-2.1.0/specifications/redis-3.2.1.gemspec
I, [2015-03-11T19:51:36.006732 #7031]  INFO -- : 0:  redis-namespace (1.5.1) from /Users/adityanarayan/.rvm/gems/ruby-2.1.0/specifications/redis-namespace-1.5.1.gemspec
I, [2015-03-11T19:51:36.007010 #7031]  INFO -- : 0:  sass-rails (4.0.5) from /Users/adityanarayan/.rvm/gems/ruby-2.1.0/specifications/sass-rails-4.0.5.gemspec
I, [2015-03-11T19:51:36.007272 #7031]  INFO -- : 0:  sdoc (0.4.1) from /Users/adityanarayan/.rvm/gems/ruby-2.1.0/specifications/sdoc-0.4.1.gemspec
I, [2015-03-11T19:51:36.007530 #7031]  INFO -- : 0:  sidekiq (3.3.2) from /Users/adityanarayan/.rvm/gems/ruby-2.1.0/specifications/sidekiq-3.3.2.gemspec
I, [2015-03-11T19:51:36.007802 #7031]  INFO -- : 0:  sinatra (1.4.5) from /Users/adityanarayan/.rvm/gems/ruby-2.1.0/specifications/sinatra-1.4.5.gemspec
I, [2015-03-11T19:51:36.008056 #7031]  INFO -- : 0:  temple (0.7.5) from /Users/adityanarayan/.rvm/gems/ruby-2.1.0/specifications/temple-0.7.5.gemspec
I, [2015-03-11T19:51:36.008326 #7031]  INFO -- : 0:  slim (3.0.3) from /Users/adityanarayan/.rvm/gems/ruby-2.1.0/specifications/slim-3.0.3.gemspec
I, [2015-03-11T19:51:36.008595 #7031]  INFO -- : 0:  sqlite3 (1.3.10) from /Users/adityanarayan/.rvm/gems/ruby-2.1.0/specifications/sqlite3-1.3.10.gemspec
I, [2015-03-11T19:51:36.008883 #7031]  INFO -- : 0:  turbolinks (2.5.3) from /Users/adityanarayan/.rvm/gems/ruby-2.1.0/specifications/turbolinks-2.5.3.gemspec
I, [2015-03-11T19:51:36.009160 #7031]  INFO -- : 0:  uglifier (2.7.1) from /Users/adityanarayan/.rvm/gems/ruby-2.1.0/specifications/uglifier-2.7.1.gemspec
I, [2015-03-11T19:51:36.009418 #7031]  INFO -- : 0:  unimidi (0.4.6) from /Users/adityanarayan/.rvm/gems/ruby-2.1.0/specifications/unimidi-0.4.6.gemspec
